<?xml version="1.0" encoding="UTF-8"?>
<!-- Generated by org.testng.reporters.JUnitReportReporter -->
<testsuite hostname="DESKTOP-FV0QBGU" failures="0" tests="1" name="com.testcases.HomePageTest" time="46.243" errors="0" timestamp="2021-07-30T12:26:32 IST" skipped="0">
  <testcase classname="com.testcases.HomePageTest" name="testNavigateToFlipkartHomePage" time="46.243"/>
  <system-out/>
</testsuite> <!-- com.testcases.HomePageTest -->
